Using pre-set license
Built from '2020.3/china_unity/release' branch; Version is '2020.3.32f1c1 (76260b79758e) revision 7742987'; Using compiler version '192528614'; Build Type 'Release'
OS: 'Windows 10  (10.0.18362) 64bit CoreCountrySpecific' Language: 'zh' Physical Memory: 16212 MB
BatchMode: 1, IsHumanControllingUs: 0, StartBugReporterOnCrash: 0, Is64bit: 1, IsPro: 0

COMMAND LINE ARGUMENTS:
D:\unity\2020.3.32f1c1\Editor\Unity.exe
-adb2
-batchMode
-noUpm
-name
AssetImportWorker0
-projectPath
D:/大三下/UX/A3-5/A3-5/menu
-logFile
Logs/AssetImportWorker0.log
-srvPort
51947
Successfully changed project path to: D:/大三下/UX/A3-5/A3-5/menu
D:/大三下/UX/A3-5/A3-5/menu
Using Asset Import Pipeline V2.
AS: AutoStreaming module initializing.Refreshing native plugins compatible for Editor in 80.70 ms, found 2 plugins.
Preloading 0 native plugins for Editor in 0.00 ms.
Initialize engine version: 2020.3.32f1c1 (76260b79758e)
[Subsystems] Discovering subsystems at path D:/unity/2020.3.32f1c1/Editor/Data/Resources/UnitySubsystems
[Subsystems] Discovering subsystems at path D:/大三下/UX/A3-5/A3-5/menu/Assets
GfxDevice: creating device client; threaded=0
Direct3D:
    Version:  Direct3D 11.0 [level 11.1]
    Renderer: NVIDIA GeForce MX250 (ID=0x1d13)
    Vendor:   
    VRAM:     1983 MB
    Driver:   26.21.14.4108
Initialize mono
Mono path[0] = 'D:/unity/2020.3.32f1c1/Editor/Data/Managed'
Mono path[1] = 'D:/unity/2020.3.32f1c1/Editor/Data/MonoBleedingEdge/lib/mono/unityjit'
Mono config path = 'D:/unity/2020.3.32f1c1/Editor/Data/MonoBleedingEdge/etc'
Using monoOptions --debugger-agent=transport=dt_socket,embedding=1,server=y,suspend=n,address=127.0.0.1:56268
Begin MonoManager ReloadAssembly
Registering precompiled unity dll's ...
Register platform support module: D:/unity/2020.3.32f1c1/Editor/Data/PlaybackEngines/WebGLSupport/UnityEditor.WebGL.Extensions.dll
Register platform support module: D:/unity/2020.3.32f1c1/Editor/Data/PlaybackEngines/WindowsStandaloneSupport/UnityEditor.WindowsStandalone.Extensions.dll
Registered in 0.002965 seconds.
Native extension for WindowsStandalone target not found
Native extension for WebGL target not found
Refreshing native plugins compatible for Editor in 75.65 ms, found 2 plugins.
Preloading 0 native plugins for Editor in 0.00 ms.
Mono: successfully reloaded assembly
- Completed reload, in  1.302 seconds
Domain Reload Profiling:
	ReloadAssembly (1303ms)
		BeginReloadAssembly (100ms)
			ExecutionOrderSort (0ms)
			DisableScriptedObjects (0ms)
			BackupInstance (0ms)
			ReleaseScriptingObjects (0ms)
			CreateAndSetChildDomain (1ms)
		EndReloadAssembly (1037ms)
			LoadAssemblies (101ms)
			RebuildTransferFunctionScriptingTraits (0ms)
			SetupTypeCache (358ms)
			ReleaseScriptCaches (0ms)
			RebuildScriptCaches (65ms)
			SetupLoadedEditorAssemblies (380ms)
				LogAssemblyErrors (0ms)
				InitializePlatformSupportModulesInManaged (11ms)
				SetLoadedEditorAssemblies (1ms)
				RefreshPlugins (76ms)
				BeforeProcessingInitializeOnLoad (19ms)
				ProcessInitializeOnLoadAttributes (203ms)
				ProcessInitializeOnLoadMethodAttributes (71ms)
				AfterProcessingInitializeOnLoad (0ms)
				EditorAssembliesLoaded (1ms)
			ExecutionOrderSort2 (0ms)
			AwakeInstancesAfterBackupRestoration (0ms)
Platform modules already initialized, skipping
Registering precompiled user dll's ...
Registered in 0.005496 seconds.
Begin MonoManager ReloadAssembly
Native extension for WindowsStandalone target not found
Native extension for WebGL target not found
Refreshing native plugins compatible for Editor in 0.68 ms, found 2 plugins.
Preloading 0 native plugins for Editor in 0.00 ms.
Mono: successfully reloaded assembly
- Completed reload, in  2.255 seconds
Domain Reload Profiling:
	ReloadAssembly (2257ms)
		BeginReloadAssembly (355ms)
			ExecutionOrderSort (0ms)
			DisableScriptedObjects (11ms)
			BackupInstance (0ms)
			ReleaseScriptingObjects (0ms)
			CreateAndSetChildDomain (40ms)
		EndReloadAssembly (1768ms)
			LoadAssemblies (229ms)
			RebuildTransferFunctionScriptingTraits (0ms)
			SetupTypeCache (596ms)
			ReleaseScriptCaches (0ms)
			RebuildScriptCaches (93ms)
			SetupLoadedEditorAssemblies (661ms)
				LogAssemblyErrors (0ms)
				InitializePlatformSupportModulesInManaged (10ms)
				SetLoadedEditorAssemblies (1ms)
				RefreshPlugins (1ms)
				BeforeProcessingInitializeOnLoad (91ms)
				ProcessInitializeOnLoadAttributes (530ms)
				ProcessInitializeOnLoadMethodAttributes (21ms)
				AfterProcessingInitializeOnLoad (6ms)
				EditorAssembliesLoaded (1ms)
			ExecutionOrderSort2 (0ms)
			AwakeInstancesAfterBackupRestoration (18ms)
Platform modules already initialized, skipping
========================================================================
Worker process is ready to serve import requests
Launched and connected shader compiler UnityShaderCompiler.exe after 0.15 seconds
Refreshing native plugins compatible for Editor in 0.44 ms, found 2 plugins.
Preloading 0 native plugins for Editor in 0.00 ms.
Unloading 1506 Unused Serialized files (Serialized files now loaded: 0)
System memory in use before: 68.7 MB.
System memory in use after: 68.8 MB.

Unloading 16 unused Assets to reduce memory usage. Loaded Objects now: 1943.
Total: 3.876600 ms (FindLiveObjects: 0.296600 ms CreateObjectMapping: 0.087700 ms MarkObjects: 3.413700 ms  DeleteObjects: 0.077000 ms)

AssetImportParameters requested are different than current active one (requested -> active):
  custom:framework-win-MediaFoundation: 216162199b28c13a410421893ffa2e32 -> 
  custom:video-decoder-ogg-theora: a1e56fd34408186e4bbccfd4996cb3dc -> 
  custom:container-muxer-webm: aa71ff27fc2769a1b78a27578f13a17b -> 
  custom:container-demuxer-webm: 4f35f7cbe854078d1ac9338744f61a02 -> 
  custom:container-demuxer-ogg: 62fdf1f143b41e24485cea50d1cbac27 -> 
  custom:video-encoder-webm-vp8: eb34c28f22e8b96e1ab97ce403110664 -> 
  custom:video-codec-MediaFoundation-h265: 746d11721c4dcdbdad8f713fa42b33f4 -> 
  custom:video-decoder-webm-vp8: 9c59270c3fd7afecdb556c50c9e8de78 -> 
  custom:audio-decoder-ogg-vorbis: bf7c407c2cedff20999df2af8eb42d56 -> 
  custom:audio-encoder-webm-vorbis: bf7c407c2cedff20999df2af8eb42d56 -> 
========================================================================
Received Import Request.
  path: Assets/Scenes
  artifactKey: Guid(1d7dba64d9421df498f6c47c1b03d083) Importer(815301076,1909f56bfc062723c751e8b465ee728b)
Start importing Assets/Scenes using Guid(1d7dba64d9421df498f6c47c1b03d083) Importer(815301076,1909f56bfc062723c751e8b465ee728b)  -> (artifact id: 'a85350483a85ffda1544f03c2c99aa22') in 0.010520 seconds 
========================================================================
Received Import Request.
  Time since last request: 130.720264 seconds.
  path: Assets/Menu/LowPolyNaturePropsPack
  artifactKey: Guid(8a3d9131f93e656428fb0b44e0df4ad4) Importer(815301076,1909f56bfc062723c751e8b465ee728b)
Start importing Assets/Menu/LowPolyNaturePropsPack using Guid(8a3d9131f93e656428fb0b44e0df4ad4) Importer(815301076,1909f56bfc062723c751e8b465ee728b)  -> (artifact id: '975e9312dcc6177adc89917882445dc7') in 0.008064 seconds 
========================================================================
Received Import Request.
  Time since last request: 2.700468 seconds.
  path: Assets/Menu/LowPolyNaturePropsPack/sample
  artifactKey: Guid(564e5b181995ee14daaa4e82dacf2b7e) Importer(815301076,1909f56bfc062723c751e8b465ee728b)
Start importing Assets/Menu/LowPolyNaturePropsPack/sample using Guid(564e5b181995ee14daaa4e82dacf2b7e) Importer(815301076,1909f56bfc062723c751e8b465ee728b)  -> (artifact id: 'abe8612a77dca38737b6ee25dd87fb14') in 0.010568 seconds 
========================================================================
Received Import Request.
  Time since last request: 0.000923 seconds.
  path: Assets/Menu/LowPolyNaturePropsPack/sample/New Terrain.asset
  artifactKey: Guid(6e8a2d49a9683454cb95d70b3cfc88d0) Importer(815301076,1909f56bfc062723c751e8b465ee728b)
Start importing Assets/Menu/LowPolyNaturePropsPack/sample/New Terrain.asset using Guid(6e8a2d49a9683454cb95d70b3cfc88d0) Importer(815301076,1909f56bfc062723c751e8b465ee728b) The tree tree1 must use the Nature/Soft Occlusion shader. Otherwise billboarding/lighting will not work correctly.
The tree tree1 must use the Nature/Soft Occlusion shader. Otherwise billboarding/lighting will not work correctly.
The tree tree2 must use the Nature/Soft Occlusion shader. Otherwise billboarding/lighting will not work correctly.
The tree tree2 must use the Nature/Soft Occlusion shader. Otherwise billboarding/lighting will not work correctly.
The tree tree3 must use the Nature/Soft Occlusion shader. Otherwise billboarding/lighting will not work correctly.
The tree tree3 must use the Nature/Soft Occlusion shader. Otherwise billboarding/lighting will not work correctly.
The tree tree4 must use the Nature/Soft Occlusion shader. Otherwise billboarding/lighting will not work correctly.
The tree tree4 must use the Nature/Soft Occlusion shader. Otherwise billboarding/lighting will not work correctly.
The tree bush1 must use the Nature/Soft Occlusion shader. Otherwise billboarding/lighting will not work correctly.
The tree bush2 must use the Nature/Soft Occlusion shader. Otherwise billboarding/lighting will not work correctly.
The tree bush3 must use the Nature/Soft Occlusion shader. Otherwise billboarding/lighting will not work correctly.
The tree rock1 must use the Nature/Soft Occlusion shader. Otherwise billboarding/lighting will not work correctly.
The tree rock2 must use the Nature/Soft Occlusion shader. Otherwise billboarding/lighting will not work correctly.
The tree rock3 must use the Nature/Soft Occlusion shader. Otherwise billboarding/lighting will not work correctly.
The tree trunk1 must use the Nature/Soft Occlusion shader. Otherwise billboarding/lighting will not work correctly.
The tree trunk1 must use the Nature/Soft Occlusion shader. Otherwise billboarding/lighting will not work correctly.
The tree trunk6 must use the Nature/Soft Occlusion shader. Otherwise billboarding/lighting will not work correctly.
The tree trunk6 must use the Nature/Soft Occlusion shader. Otherwise billboarding/lighting will not work correctly.
The tree trunk12 must use the Nature/Soft Occlusion shader. Otherwise billboarding/lighting will not work correctly.
 -> (artifact id: 'bdde4f7e1c97deac7a8a9dd44fa0835e') in 0.173314 seconds 
========================================================================
Received Import Request.
  Time since last request: 0.000983 seconds.
  path: Assets/Menu/LowPolyNaturePropsPack/sample/green.png
  artifactKey: Guid(abbc26811cb2a284b9f093445d368b33) Importer(815301076,1909f56bfc062723c751e8b465ee728b)
Start importing Assets/Menu/LowPolyNaturePropsPack/sample/green.png using Guid(abbc26811cb2a284b9f093445d368b33) Importer(815301076,1909f56bfc062723c751e8b465ee728b)  -> (artifact id: 'e7b3278973478d4b8a53d3d95c0847cb') in 0.031644 seconds 
========================================================================
Received Import Request.
  Time since last request: 3.115038 seconds.
  path: Assets/Menu/LowPolyNaturePropsPack/sample/sample.unity
  artifactKey: Guid(3d79cb9dfd56b2d46b6345c35bb3f1c2) Importer(815301076,1909f56bfc062723c751e8b465ee728b)
Start importing Assets/Menu/LowPolyNaturePropsPack/sample/sample.unity using Guid(3d79cb9dfd56b2d46b6345c35bb3f1c2) Importer(815301076,1909f56bfc062723c751e8b465ee728b)  -> (artifact id: 'e4655910862edb4f36ec7a6d202e0e86') in 0.006670 seconds 
========================================================================
Received Prepare
Registering precompiled user dll's ...
Registered in 0.003279 seconds.
Begin MonoManager ReloadAssembly
Native extension for WindowsStandalone target not found
Native extension for WebGL target not found
Refreshing native plugins compatible for Editor in 0.79 ms, found 2 plugins.
Preloading 0 native plugins for Editor in 0.00 ms.
Mono: successfully reloaded assembly
- Completed reload, in  2.148 seconds
Domain Reload Profiling:
	ReloadAssembly (2149ms)
		BeginReloadAssembly (184ms)
			ExecutionOrderSort (0ms)
			DisableScriptedObjects (6ms)
			BackupInstance (0ms)
			ReleaseScriptingObjects (0ms)
			CreateAndSetChildDomain (58ms)
		EndReloadAssembly (1874ms)
			LoadAssemblies (159ms)
			RebuildTransferFunctionScriptingTraits (0ms)
			SetupTypeCache (694ms)
			ReleaseScriptCaches (1ms)
			RebuildScriptCaches (61ms)
			SetupLoadedEditorAssemblies (834ms)
				LogAssemblyErrors (0ms)
				InitializePlatformSupportModulesInManaged (9ms)
				SetLoadedEditorAssemblies (1ms)
				RefreshPlugins (1ms)
				BeforeProcessingInitializeOnLoad (60ms)
				ProcessInitializeOnLoadAttributes (749ms)
				ProcessInitializeOnLoadMethodAttributes (12ms)
				AfterProcessingInitializeOnLoad (3ms)
				EditorAssembliesLoaded (0ms)
			ExecutionOrderSort2 (0ms)
			AwakeInstancesAfterBackupRestoration (10ms)
Platform modules already initialized, skipping
Refreshing native plugins compatible for Editor in 0.77 ms, found 2 plugins.
Preloading 0 native plugins for Editor in 0.00 ms.
Unloading 1547 Unused Serialized files (Serialized files now loaded: 0)
System memory in use before: 73.7 MB.
System memory in use after: 72.6 MB.

Unloading 26 unused Assets to reduce memory usage. Loaded Objects now: 1984.
Total: 6.126800 ms (FindLiveObjects: 0.298200 ms CreateObjectMapping: 0.149300 ms MarkObjects: 4.651300 ms  DeleteObjects: 1.026400 ms)

AssetImportParameters requested are different than current active one (requested -> active):
  custom:framework-win-MediaFoundation: 216162199b28c13a410421893ffa2e32 -> 
  custom:video-decoder-ogg-theora: a1e56fd34408186e4bbccfd4996cb3dc -> 
  custom:container-muxer-webm: aa71ff27fc2769a1b78a27578f13a17b -> 
  custom:container-demuxer-webm: 4f35f7cbe854078d1ac9338744f61a02 -> 
  custom:container-demuxer-ogg: 62fdf1f143b41e24485cea50d1cbac27 -> 
  custom:video-encoder-webm-vp8: eb34c28f22e8b96e1ab97ce403110664 -> 
  custom:video-codec-MediaFoundation-h265: 746d11721c4dcdbdad8f713fa42b33f4 -> 
  custom:video-decoder-webm-vp8: 9c59270c3fd7afecdb556c50c9e8de78 -> 
  custom:audio-decoder-ogg-vorbis: bf7c407c2cedff20999df2af8eb42d56 -> 
  custom:audio-encoder-webm-vorbis: bf7c407c2cedff20999df2af8eb42d56 -> 
AssetImportWorkerClient::OnTransportError - code=2 error=End of file
